app/build/intermediates/manifest_merge_blame_file/coreDebug/manifest-merger-blame-core-debug-report.txt
1<?xml version="1.0" encoding="utf-8"?>
2<manifest xmlns:android="http://schemas.android.com/apk/res/android"
3    package="com.goodwy.dialer.debug"
4    android:installLocation="auto"
5    android:versionCode="483"
6    android:versionName="4.8.3" >
7
8    <uses-sdk
9        android:minSdkVersion="23"
10        android:targetSdkVersion="34" />
11
12    <uses-permission android:name="android.permission.READ_CONTACTS" />
12-->src/main/AndroidManifest.xml:6:5-72
12-->src/main/AndroidManifest.xml:6:22-69
13    <uses-permission
13-->src/main/AndroidManifest.xml:7:5-8:38
14        android:name="android.permission.READ_EXTERNAL_STORAGE"
14-->src/main/AndroidManifest.xml:7:22-77
15        android:maxSdkVersion="32" />
15-->src/main/AndroidManifest.xml:8:9-35
16    <uses-permission android:name="android.permission.WRITE_CONTACTS" />
16-->src/main/AndroidManifest.xml:9:5-73
16-->src/main/AndroidManifest.xml:9:22-70
17    <uses-permission android:name="android.permission.READ_PHONE_STATE" />
17-->src/main/AndroidManifest.xml:10:5-75
17-->src/main/AndroidManifest.xml:10:22-72
18    <uses-permission android:name="android.permission.CALL_PHONE" />
18-->src/main/AndroidManifest.xml:11:5-69
18-->src/main/AndroidManifest.xml:11:22-66
19    <uses-permission android:name="android.permission.CALL_PRIVILEGED" />
19-->src/main/AndroidManifest.xml:12:5-74
19-->src/main/AndroidManifest.xml:12:22-71
20    <uses-permission android:name="android.permission.READ_CALL_LOG" />
20-->src/main/AndroidManifest.xml:13:5-72
20-->src/main/AndroidManifest.xml:13:22-69
21    <uses-permission android:name="android.permission.WRITE_CALL_LOG" />
21-->src/main/AndroidManifest.xml:14:5-73
21-->src/main/AndroidManifest.xml:14:22-70
22    <uses-permission android:name="android.permission.WAKE_LOCK" />
22-->src/main/AndroidManifest.xml:15:5-68
22-->src/main/AndroidManifest.xml:15:22-65
23    <uses-permission android:name="android.permission.ANSWER_PHONE_CALLS" />
23-->src/main/AndroidManifest.xml:16:5-77
23-->src/main/AndroidManifest.xml:16:22-74
24    <uses-permission android:name="android.permission.FOREGROUND_SERVICE" />
24-->src/main/AndroidManifest.xml:17:5-77
24-->src/main/AndroidManifest.xml:17:22-74
25    <uses-permission android:name="android.permission.MANAGE_OWN_CALLS" />
25-->src/main/AndroidManifest.xml:18:5-75
25-->src/main/AndroidManifest.xml:18:22-72
26    <uses-permission android:name="android.permission.MODIFY_AUDIO_SETTINGS" />
26-->src/main/AndroidManifest.xml:19:5-80
26-->src/main/AndroidManifest.xml:19:22-77
27    <uses-permission android:name="android.permission.RECORD_AUDIO" />
27-->src/main/AndroidManifest.xml:20:5-71
27-->src/main/AndroidManifest.xml:20:22-68
28    <uses-permission android:name="android.permission.SYSTEM_ALERT_WINDOW" />
28-->src/main/AndroidManifest.xml:21:5-78
28-->src/main/AndroidManifest.xml:21:22-75
29    <uses-permission android:name="android.telecom.action.CONFIGURE_PHONE_ACCOUNT" />
29-->src/main/AndroidManifest.xml:22:5-86
29-->src/main/AndroidManifest.xml:22:22-83
30    <uses-permission android:name="android.permission.VIBRATE" />
30-->src/main/AndroidManifest.xml:23:5-66
30-->src/main/AndroidManifest.xml:23:22-63
31    <uses-permission android:name="android.permission.POST_NOTIFICATIONS" />
31-->src/main/AndroidManifest.xml:24:5-77
31-->src/main/AndroidManifest.xml:24:22-74
32    <uses-permission android:name="android.permission.READ_SYNC_SETTINGS" />
32-->src/main/AndroidManifest.xml:25:5-77
32-->src/main/AndroidManifest.xml:25:22-74
33    <uses-permission android:name="android.permission.USE_FULL_SCREEN_INTENT" />
33-->src/main/AndroidManifest.xml:26:5-81
33-->src/main/AndroidManifest.xml:26:22-78
34    <uses-permission android:name="com.android.vending.BILLING" />
34-->src/main/AndroidManifest.xml:27:5-67
34-->src/main/AndroidManifest.xml:27:22-64
35    <uses-permission android:name="android.permission.READ_MEDIA_IMAGES" />
35-->src/main/AndroidManifest.xml:28:5-76
35-->src/main/AndroidManifest.xml:28:22-73
36    <uses-permission
36-->src/main/AndroidManifest.xml:30:5-32:38
37        android:name="android.permission.WRITE_EXTERNAL_STORAGE"
37-->src/main/AndroidManifest.xml:31:9-65
38        android:maxSdkVersion="28" />
38-->src/main/AndroidManifest.xml:32:9-35
39    <uses-permission
39-->src/main/AndroidManifest.xml:38:5-40:38
40        android:name="android.permission.CAMERA"
40-->src/main/AndroidManifest.xml:39:9-49
41        android:maxSdkVersion="23" />
41-->src/main/AndroidManifest.xml:40:9-35
42    <uses-permission android:name="android.permission.FLASHLIGHT" />
42-->src/main/AndroidManifest.xml:41:5-69
42-->src/main/AndroidManifest.xml:41:22-66
43
44    <uses-feature
44-->src/main/AndroidManifest.xml:42:5-44:35
45        android:name="android.hardware.camera.flash"
45-->src/main/AndroidManifest.xml:43:9-53
46        android:required="true" />
46-->src/main/AndroidManifest.xml:44:9-32
47    <uses-feature
47-->src/main/AndroidManifest.xml:45:5-47:36
48        android:name="android.hardware.telephony"
48-->src/main/AndroidManifest.xml:46:9-50
49        android:required="false" />
49-->src/main/AndroidManifest.xml:47:9-33
50    <uses-feature
50-->src/main/AndroidManifest.xml:48:5-50:36
51        android:name="android.hardware.camera"
51-->src/main/AndroidManifest.xml:49:9-47
52        android:required="false" />
52-->src/main/AndroidManifest.xml:50:9-33
53
54    <queries>
54-->src/main/AndroidManifest.xml:52:5-66:15
55        <package android:name="com.goodwy.dialer.debug" />
55-->src/main/AndroidManifest.xml:53:9-59
55-->src/main/AndroidManifest.xml:53:18-56
56        <package android:name="com.goodwy.dialer" />
56-->src/main/AndroidManifest.xml:54:9-53
56-->src/main/AndroidManifest.xml:54:18-50
57        <package android:name="com.goodwy.contacts.debug" />
57-->src/main/AndroidManifest.xml:55:9-61
57-->src/main/AndroidManifest.xml:55:18-58
58        <package android:name="com.goodwy.contacts" />
58-->src/main/AndroidManifest.xml:56:9-55
58-->src/main/AndroidManifest.xml:56:18-52
59        <package android:name="com.goodwy.smsmessenger.debug" />
59-->src/main/AndroidManifest.xml:57:9-65
59-->src/main/AndroidManifest.xml:57:18-62
60        <package android:name="com.goodwy.smsmessenger" />
60-->src/main/AndroidManifest.xml:58:9-59
60-->src/main/AndroidManifest.xml:58:18-56
61        <package android:name="com.goodwy.voicerecorder.debug" />
61-->src/main/AndroidManifest.xml:59:9-66
61-->src/main/AndroidManifest.xml:59:18-63
62        <package android:name="com.goodwy.voicerecorder" />
62-->src/main/AndroidManifest.xml:60:9-60
62-->src/main/AndroidManifest.xml:60:18-57
63        <package android:name="com.goodwy.gallery.debug" />
63-->src/main/AndroidManifest.xml:61:9-60
63-->src/main/AndroidManifest.xml:61:18-57
64        <package android:name="com.goodwy.gallery" />
64-->src/main/AndroidManifest.xml:62:9-54
64-->src/main/AndroidManifest.xml:62:18-51
65        <package android:name="com.goodwy.filemanager.debug" />
65-->src/main/AndroidManifest.xml:63:9-64
65-->src/main/AndroidManifest.xml:63:18-61
66        <package android:name="com.goodwy.filemanager" />
66-->src/main/AndroidManifest.xml:64:9-58
66-->src/main/AndroidManifest.xml:64:18-55
67        <package android:name="com.goodwy.audiobooklite" />
67-->src/main/AndroidManifest.xml:65:9-60
67-->src/main/AndroidManifest.xml:65:18-57
68        <package android:name="com.goodwy.audiobook.debug" />
68-->[com.github.Goodwy:Goodwy-Commons:4316a7028d] AndroidManifest.xml:9:9-62
68-->[com.github.Goodwy:Goodwy-Commons:4316a7028d] AndroidManifest.xml:9:18-59
69        <package android:name="com.goodwy.audiobook" />
69-->[com.github.Goodwy:Goodwy-Commons:4316a7028d] AndroidManifest.xml:10:9-56
69-->[com.github.Goodwy:Goodwy-Commons:4316a7028d] AndroidManifest.xml:10:18-53
70        <package android:name="com.goodwy.files.debug" />
70-->[com.github.Goodwy:Goodwy-Commons:4316a7028d] AndroidManifest.xml:13:9-58
70-->[com.github.Goodwy:Goodwy-Commons:4316a7028d] AndroidManifest.xml:13:18-55
71        <package android:name="com.goodwy.files" />
71-->[com.github.Goodwy:Goodwy-Commons:4316a7028d] AndroidManifest.xml:14:9-52
71-->[com.github.Goodwy:Goodwy-Commons:4316a7028d] AndroidManifest.xml:14:18-49
72
73        <intent>
73-->[ru.rustore.sdk:billingclient:2.2.0] AndroidManifest.xml:10:9-12:18
74            <action android:name="ru.vk.store.provider.RemotePayTokenProvider" />
74-->[ru.rustore.sdk:billingclient:2.2.0] AndroidManifest.xml:11:13-82
74-->[ru.rustore.sdk:billingclient:2.2.0] AndroidManifest.xml:11:21-79
75        </intent>
76
77        <package android:name="ru.sberbankmobile" />
77-->[ru.rustore.sdk:billingclient:2.2.0] AndroidManifest.xml:14:9-53
77-->[ru.rustore.sdk:billingclient:2.2.0] AndroidManifest.xml:14:18-50
78        <package android:name="ru.sberbankmobile_alpha" />
78-->[ru.rustore.sdk:billingclient:2.2.0] AndroidManifest.xml:15:9-59
78-->[ru.rustore.sdk:billingclient:2.2.0] AndroidManifest.xml:15:18-56
79        <package android:name="cb.ibank" />
79-->[ru.rustore.sdk:billingclient:2.2.0] AndroidManifest.xml:16:9-44
79-->[ru.rustore.sdk:billingclient:2.2.0] AndroidManifest.xml:16:18-41
80        <package android:name="cb.ibank.vuz" />
80-->[ru.rustore.sdk:billingclient:2.2.0] AndroidManifest.xml:17:9-48
80-->[ru.rustore.sdk:billingclient:2.2.0] AndroidManifest.xml:17:18-45
81        <package android:name="com.banksoyuz.artsofte" />
81-->[ru.rustore.sdk:billingclient:2.2.0] AndroidManifest.xml:18:9-58
81-->[ru.rustore.sdk:billingclient:2.2.0] AndroidManifest.xml:18:18-55
82        <package android:name="com.bifit.atbbank" />
82-->[ru.rustore.sdk:billingclient:2.2.0] AndroidManifest.xml:19:9-53
82-->[ru.rustore.sdk:billingclient:2.2.0] AndroidManifest.xml:19:18-50
83        <package android:name="com.bifit.dvbank" />
83-->[ru.rustore.sdk:billingclient:2.2.0] AndroidManifest.xml:20:9-52
83-->[ru.rustore.sdk:billingclient:2.2.0] AndroidManifest.xml:20:18-49
84        <package android:name="com.bifit.mobile.citizen.MCBank" />
84-->[ru.rustore.sdk:billingclient:2.2.0] AndroidManifest.xml:21:9-67
84-->[ru.rustore.sdk:billingclient:2.2.0] AndroidManifest.xml:21:18-64
85        <package android:name="com.bifit.mobile.citizen.belsocbank" />
85-->[ru.rustore.sdk:billingclient:2.2.0] AndroidManifest.xml:22:9-71
85-->[ru.rustore.sdk:billingclient:2.2.0] AndroidManifest.xml:22:18-68
86        <package android:name="com.bifit.mobile.citizen.cfb" />
86-->[ru.rustore.sdk:billingclient:2.2.0] AndroidManifest.xml:23:9-64
86-->[ru.rustore.sdk:billingclient:2.2.0] AndroidManifest.xml:23:18-61
87        <package android:name="com.bifit.mobile.citizen.efbank" />
87-->[ru.rustore.sdk:billingclient:2.2.0] AndroidManifest.xml:24:9-67
87-->[ru.rustore.sdk:billingclient:2.2.0] AndroidManifest.xml:24:18-64
88        <package android:name="com.bifit.mobile.citizen.icbru" />
88-->[ru.rustore.sdk:billingclient:2.2.0] AndroidManifest.xml:25:9-66
88-->[ru.rustore.sdk:billingclient:2.2.0] AndroidManifest.xml:25:18-63
89        <package android:name="com.bifit.mobile.citizen.invb" />
89-->[ru.rustore.sdk:billingclient:2.2.0] AndroidManifest.xml:26:9-65
89-->[ru.rustore.sdk:billingclient:2.2.0] AndroidManifest.xml:26:18-62
90        <package android:name="com.bifit.mobile.citizen.kbnk" />
90-->[ru.rustore.sdk:billingclient:2.2.0] AndroidManifest.xml:27:9-65
90-->[ru.rustore.sdk:billingclient:2.2.0] AndroidManifest.xml:27:18-62
91        <package android:name="com.bifit.mobile.citizen.mbb" />
91-->[ru.rustore.sdk:billingclient:2.2.0] AndroidManifest.xml:28:9-64
91-->[ru.rustore.sdk:billingclient:2.2.0] AndroidManifest.xml:28:18-61
92        <package android:name="com.bifit.mobile.citizen.moskb" />
92-->[ru.rustore.sdk:billingclient:2.2.0] AndroidManifest.xml:29:9-66
92-->[ru.rustore.sdk:billingclient:2.2.0] AndroidManifest.xml:29:18-63
93        <package android:name="com.bifit.mobile.citizen.nkbank" />
93-->[ru.rustore.sdk:billingclient:2.2.0] AndroidManifest.xml:30:9-67
93-->[ru.rustore.sdk:billingclient:2.2.0] AndroidManifest.xml:30:18-64
94        <package android:name="com.bifit.mobile.citizen.okbank" />
94-->[ru.rustore.sdk:billingclient:2.2.0] AndroidManifest.xml:31:9-67
94-->[ru.rustore.sdk:billingclient:2.2.0] AndroidManifest.xml:31:18-64
95        <package android:name="com.bifit.mobile.citizen.tenderbank" />
95-->[ru.rustore.sdk:billingclient:2.2.0] AndroidManifest.xml:32:9-71
95-->[ru.rustore.sdk:billingclient:2.2.0] AndroidManifest.xml:32:18-68
96        <package android:name="com.bifit.mobile.citizen.thbank" />
96-->[ru.rustore.sdk:billingclient:2.2.0] AndroidManifest.xml:33:9-67
96-->[ru.rustore.sdk:billingclient:2.2.0] AndroidManifest.xml:33:18-64
97        <package android:name="com.bifit.mobile.citizen.zarech" />
97-->[ru.rustore.sdk:billingclient:2.2.0] AndroidManifest.xml:34:9-67
97-->[ru.rustore.sdk:billingclient:2.2.0] AndroidManifest.xml:34:18-64
98        <package android:name="com.bifit.mobile.private.bbr" />
98-->[ru.rustore.sdk:billingclient:2.2.0] AndroidManifest.xml:35:9-64
98-->[ru.rustore.sdk:billingclient:2.2.0] AndroidManifest.xml:35:18-61
99        <package android:name="com.bifit.nrb" />
99-->[ru.rustore.sdk:billingclient:2.2.0] AndroidManifest.xml:36:9-49
99-->[ru.rustore.sdk:billingclient:2.2.0] AndroidManifest.xml:36:18-46
100        <package android:name="com.bifit.pmobile.isbank" />
100-->[ru.rustore.sdk:billingclient:2.2.0] AndroidManifest.xml:37:9-60
100-->[ru.rustore.sdk:billingclient:2.2.0] AndroidManifest.xml:37:18-57
101        <package android:name="com.bifit.rncbbeta" />
101-->[ru.rustore.sdk:billingclient:2.2.0] AndroidManifest.xml:38:9-54
101-->[ru.rustore.sdk:billingclient:2.2.0] AndroidManifest.xml:38:18-51
102        <package android:name="com.bifit.vfbank" />
102-->[ru.rustore.sdk:billingclient:2.2.0] AndroidManifest.xml:39:9-52
102-->[ru.rustore.sdk:billingclient:2.2.0] AndroidManifest.xml:39:18-49
103        <package android:name="com.bpc.crossplatform_trading.bpc_trading" />
103-->[ru.rustore.sdk:billingclient:2.2.0] AndroidManifest.xml:40:9-77
103-->[ru.rustore.sdk:billingclient:2.2.0] AndroidManifest.xml:40:18-74
104        <package android:name="com.bssys.aversretail" />
104-->[ru.rustore.sdk:billingclient:2.2.0] AndroidManifest.xml:41:9-57
104-->[ru.rustore.sdk:billingclient:2.2.0] AndroidManifest.xml:41:18-54
105        <package android:name="com.bssys.gutaretail" />
105-->[ru.rustore.sdk:billingclient:2.2.0] AndroidManifest.xml:42:9-56
105-->[ru.rustore.sdk:billingclient:2.2.0] AndroidManifest.xml:42:18-53
106        <package android:name="com.bssys.novikomretail" />
106-->[ru.rustore.sdk:billingclient:2.2.0] AndroidManifest.xml:43:9-59
106-->[ru.rustore.sdk:billingclient:2.2.0] AndroidManifest.xml:43:18-56
107        <package android:name="com.bssys.roscapretail" />
107-->[ru.rustore.sdk:billingclient:2.2.0] AndroidManifest.xml:44:9-58
107-->[ru.rustore.sdk:billingclient:2.2.0] AndroidManifest.xml:44:18-55
108        <package android:name="com.bssys.stroylesretail" />
108-->[ru.rustore.sdk:billingclient:2.2.0] AndroidManifest.xml:45:9-60
108-->[ru.rustore.sdk:billingclient:2.2.0] AndroidManifest.xml:45:18-57
109        <package android:name="com.bssys.uralfdretail" />
109-->[ru.rustore.sdk:billingclient:2.2.0] AndroidManifest.xml:46:9-58
109-->[ru.rustore.sdk:billingclient:2.2.0] AndroidManifest.xml:46:18-55
110        <package android:name="com.bssys.vbrrretail" />
110-->[ru.rustore.sdk:billingclient:2.2.0] AndroidManifest.xml:47:9-56
110-->[ru.rustore.sdk:billingclient:2.2.0] AndroidManifest.xml:47:18-53
111        <package android:name="com.cetelem.cetelem_android" />
111-->[ru.rustore.sdk:billingclient:2.2.0] AndroidManifest.xml:48:9-63
111-->[ru.rustore.sdk:billingclient:2.2.0] AndroidManifest.xml:48:18-60
112        <package android:name="com.citibank.mobile.ru" />
112-->[ru.rustore.sdk:billingclient:2.2.0] AndroidManifest.xml:49:9-58
112-->[ru.rustore.sdk:billingclient:2.2.0] AndroidManifest.xml:49:18-55
113        <package android:name="com.compassplus.mobicash.customer" />
113-->[ru.rustore.sdk:billingclient:2.2.0] AndroidManifest.xml:50:9-69
113-->[ru.rustore.sdk:billingclient:2.2.0] AndroidManifest.xml:50:18-66
114        <package android:name="com.credituralbank.CUBmobilenew" />
114-->[ru.rustore.sdk:billingclient:2.2.0] AndroidManifest.xml:51:9-67
114-->[ru.rustore.sdk:billingclient:2.2.0] AndroidManifest.xml:51:18-64
115        <package android:name="com.energobank.digital" />
115-->[ru.rustore.sdk:billingclient:2.2.0] AndroidManifest.xml:52:9-58
115-->[ru.rustore.sdk:billingclient:2.2.0] AndroidManifest.xml:52:18-55
116        <package android:name="com.finservice.mobile" />
116-->[ru.rustore.sdk:billingclient:2.2.0] AndroidManifest.xml:53:9-57
116-->[ru.rustore.sdk:billingclient:2.2.0] AndroidManifest.xml:53:18-54
117        <package android:name="com.hicebank.android" />
117-->[ru.rustore.sdk:billingclient:2.2.0] AndroidManifest.xml:54:9-56
117-->[ru.rustore.sdk:billingclient:2.2.0] AndroidManifest.xml:54:18-53
118        <package android:name="com.idamob.tinkoff.android" />
118-->[ru.rustore.sdk:billingclient:2.2.0] AndroidManifest.xml:55:9-62
118-->[ru.rustore.sdk:billingclient:2.2.0] AndroidManifest.xml:55:18-59
119        <package android:name="com.idamobile.android.LockoBank" />
119-->[ru.rustore.sdk:billingclient:2.2.0] AndroidManifest.xml:56:9-67
119-->[ru.rustore.sdk:billingclient:2.2.0] AndroidManifest.xml:56:18-64
120        <package android:name="com.inbank.mobilebank" />
120-->[ru.rustore.sdk:billingclient:2.2.0] AndroidManifest.xml:57:9-57
120-->[ru.rustore.sdk:billingclient:2.2.0] AndroidManifest.xml:57:18-54
121        <package android:name="com.intervale.sbp.atlas" />
121-->[ru.rustore.sdk:billingclient:2.2.0] AndroidManifest.xml:58:9-59
121-->[ru.rustore.sdk:billingclient:2.2.0] AndroidManifest.xml:58:18-56
122        <package android:name="com.isimplelab.ibank.chelind" />
122-->[ru.rustore.sdk:billingclient:2.2.0] AndroidManifest.xml:59:9-64
122-->[ru.rustore.sdk:billingclient:2.2.0] AndroidManifest.xml:59:18-61
123        <package android:name="com.isimplelab.ibank.kubankredit" />
123-->[ru.rustore.sdk:billingclient:2.2.0] AndroidManifest.xml:60:9-68
123-->[ru.rustore.sdk:billingclient:2.2.0] AndroidManifest.xml:60:18-65
124        <package android:name="com.isimplelab.ibank.solidarnost" />
124-->[ru.rustore.sdk:billingclient:2.2.0] AndroidManifest.xml:61:9-68
124-->[ru.rustore.sdk:billingclient:2.2.0] AndroidManifest.xml:61:18-65
125        <package android:name="com.isimplelab.ibank.toyota" />
125-->[ru.rustore.sdk:billingclient:2.2.0] AndroidManifest.xml:62:9-63
125-->[ru.rustore.sdk:billingclient:2.2.0] AndroidManifest.xml:62:18-60
126        <package android:name="com.isimplelab.ionic.gorbank.prod" />
126-->[ru.rustore.sdk:billingclient:2.2.0] AndroidManifest.xml:63:9-69
126-->[ru.rustore.sdk:billingclient:2.2.0] AndroidManifest.xml:63:18-66
127        <package android:name="com.isimplelab.ionic.kazan.fl" />
127-->[ru.rustore.sdk:billingclient:2.2.0] AndroidManifest.xml:64:9-65
127-->[ru.rustore.sdk:billingclient:2.2.0] AndroidManifest.xml:64:18-62
128        <package android:name="com.isimplelab.ionic.round.prod" />
128-->[ru.rustore.sdk:billingclient:2.2.0] AndroidManifest.xml:65:9-67
128-->[ru.rustore.sdk:billingclient:2.2.0] AndroidManifest.xml:65:18-64
129        <package android:name="com.isimplelab.ionic.slavia.prod" />
129-->[ru.rustore.sdk:billingclient:2.2.0] AndroidManifest.xml:66:9-68
129-->[ru.rustore.sdk:billingclient:2.2.0] AndroidManifest.xml:66:18-65
130        <package android:name="com.isimplelab.ionic.standart" />
130-->[ru.rustore.sdk:billingclient:2.2.0] AndroidManifest.xml:67:9-65
130-->[ru.rustore.sdk:billingclient:2.2.0] AndroidManifest.xml:67:18-62
131        <package android:name="com.isimplelab.isimpleceo.uglemet" />
131-->[ru.rustore.sdk:billingclient:2.2.0] AndroidManifest.xml:68:9-69
131-->[ru.rustore.sdk:billingclient:2.2.0] AndroidManifest.xml:68:18-66
132        <package android:name="com.isimplelab.isimplemobile.payjet" />
132-->[ru.rustore.sdk:billingclient:2.2.0] AndroidManifest.xml:69:9-71
132-->[ru.rustore.sdk:billingclient:2.2.0] AndroidManifest.xml:69:18-68
133        <package android:name="com.ltech.unistream" />
133-->[ru.rustore.sdk:billingclient:2.2.0] AndroidManifest.xml:70:9-55
133-->[ru.rustore.sdk:billingclient:2.2.0] AndroidManifest.xml:70:18-52
134        <package android:name="com.metkombank.mobile" />
134-->[ru.rustore.sdk:billingclient:2.2.0] AndroidManifest.xml:71:9-57
134-->[ru.rustore.sdk:billingclient:2.2.0] AndroidManifest.xml:71:18-54
135        <package android:name="com.mifors.izhcombank" />
135-->[ru.rustore.sdk:billingclient:2.2.0] AndroidManifest.xml:72:9-57
135-->[ru.rustore.sdk:billingclient:2.2.0] AndroidManifest.xml:72:18-54
136        <package android:name="com.mmonline.mobile" />
136-->[ru.rustore.sdk:billingclient:2.2.0] AndroidManifest.xml:73:9-55
136-->[ru.rustore.sdk:billingclient:2.2.0] AndroidManifest.xml:73:18-52
137        <package android:name="com.mob.android" />
137-->[ru.rustore.sdk:billingclient:2.2.0] AndroidManifest.xml:74:9-51
137-->[ru.rustore.sdk:billingclient:2.2.0] AndroidManifest.xml:74:18-48
138        <package android:name="com.openbank" />
138-->[ru.rustore.sdk:billingclient:2.2.0] AndroidManifest.xml:75:9-48
138-->[ru.rustore.sdk:billingclient:2.2.0] AndroidManifest.xml:75:18-45
139        <package android:name="com.openwaygroup.ic.panda.poidem" />
139-->[ru.rustore.sdk:billingclient:2.2.0] AndroidManifest.xml:76:9-68
139-->[ru.rustore.sdk:billingclient:2.2.0] AndroidManifest.xml:76:18-65
140        <package android:name="com.priobank.prio" />
140-->[ru.rustore.sdk:billingclient:2.2.0] AndroidManifest.xml:77:9-53
140-->[ru.rustore.sdk:billingclient:2.2.0] AndroidManifest.xml:77:18-50
141        <package android:name="com.smp.android" />
141-->[ru.rustore.sdk:billingclient:2.2.0] AndroidManifest.xml:78:9-51
141-->[ru.rustore.sdk:billingclient:2.2.0] AndroidManifest.xml:78:18-48
142        <package android:name="com.snb.online" />
142-->[ru.rustore.sdk:billingclient:2.2.0] AndroidManifest.xml:79:9-50
142-->[ru.rustore.sdk:billingclient:2.2.0] AndroidManifest.xml:79:18-47
143        <package android:name="com.tatsotsbank.dbomobile" />
143-->[ru.rustore.sdk:billingclient:2.2.0] AndroidManifest.xml:80:9-61
143-->[ru.rustore.sdk:billingclient:2.2.0] AndroidManifest.xml:80:18-58
144        <package android:name="com.timerbank.retail" />
144-->[ru.rustore.sdk:billingclient:2.2.0] AndroidManifest.xml:81:9-56
144-->[ru.rustore.sdk:billingclient:2.2.0] AndroidManifest.xml:81:18-53
145        <package android:name="com.tochka.bank" />
145-->[ru.rustore.sdk:billingclient:2.2.0] AndroidManifest.xml:82:9-51
145-->[ru.rustore.sdk:billingclient:2.2.0] AndroidManifest.xml:82:18-48
146        <package android:name="com.yandex.bank" />
146-->[ru.rustore.sdk:billingclient:2.2.0] AndroidManifest.xml:83:9-51
146-->[ru.rustore.sdk:billingclient:2.2.0] AndroidManifest.xml:83:18-48
147        <package android:name="cz.bsc.rc" />
147-->[ru.rustore.sdk:billingclient:2.2.0] AndroidManifest.xml:84:9-45
147-->[ru.rustore.sdk:billingclient:2.2.0] AndroidManifest.xml:84:18-42
148        <package android:name="logo.com.mbanking" />
148-->[ru.rustore.sdk:billingclient:2.2.0] AndroidManifest.xml:85:9-53
148-->[ru.rustore.sdk:billingclient:2.2.0] AndroidManifest.xml:85:18-50
149        <package android:name="ru.akbars.mobile" />
149-->[ru.rustore.sdk:billingclient:2.2.0] AndroidManifest.xml:86:9-52
149-->[ru.rustore.sdk:billingclient:2.2.0] AndroidManifest.xml:86:18-49
150        <package android:name="ru.albank.online.aebit" />
150-->[ru.rustore.sdk:billingclient:2.2.0] AndroidManifest.xml:87:9-58
150-->[ru.rustore.sdk:billingclient:2.2.0] AndroidManifest.xml:87:18-55
151        <package android:name="ru.alfabank.mobile.android" />
151-->[ru.rustore.sdk:billingclient:2.2.0] AndroidManifest.xml:88:9-62
151-->[ru.rustore.sdk:billingclient:2.2.0] AndroidManifest.xml:88:18-59
152        <package android:name="ru.artsofte.russiafl" />
152-->[ru.rustore.sdk:billingclient:2.2.0] AndroidManifest.xml:89:9-56
152-->[ru.rustore.sdk:billingclient:2.2.0] AndroidManifest.xml:89:18-53
153        <package android:name="ru.avangard.sbp_client" />
153-->[ru.rustore.sdk:billingclient:2.2.0] AndroidManifest.xml:90:9-58
153-->[ru.rustore.sdk:billingclient:2.2.0] AndroidManifest.xml:90:18-55
154        <package android:name="ru.bank_hlynov.xbank" />
154-->[ru.rustore.sdk:billingclient:2.2.0] AndroidManifest.xml:91:9-56
154-->[ru.rustore.sdk:billingclient:2.2.0] AndroidManifest.xml:91:18-53
155        <package android:name="ru.bankuralsib.mb.android" />
155-->[ru.rustore.sdk:billingclient:2.2.0] AndroidManifest.xml:92:9-61
155-->[ru.rustore.sdk:billingclient:2.2.0] AndroidManifest.xml:92:18-58
156        <package android:name="ru.bcs.bcsbank" />
156-->[ru.rustore.sdk:billingclient:2.2.0] AndroidManifest.xml:93:9-50
156-->[ru.rustore.sdk:billingclient:2.2.0] AndroidManifest.xml:93:18-47
157        <package android:name="ru.briginvest.sense" />
157-->[ru.rustore.sdk:billingclient:2.2.0] AndroidManifest.xml:94:9-55
157-->[ru.rustore.sdk:billingclient:2.2.0] AndroidManifest.xml:94:18-52
158        <package android:name="ru.bspb" />
158-->[ru.rustore.sdk:billingclient:2.2.0] AndroidManifest.xml:95:9-43
158-->[ru.rustore.sdk:billingclient:2.2.0] AndroidManifest.xml:95:18-40
159        <package android:name="ru.centrinvest.mobilebanking2018" />
159-->[ru.rustore.sdk:billingclient:2.2.0] AndroidManifest.xml:96:9-68
159-->[ru.rustore.sdk:billingclient:2.2.0] AndroidManifest.xml:96:18-65
160        <package android:name="ru.chelyabinvestbank.investpay" />
160-->[ru.rustore.sdk:billingclient:2.2.0] AndroidManifest.xml:97:9-66
160-->[ru.rustore.sdk:billingclient:2.2.0] AndroidManifest.xml:97:18-63
161        <package android:name="ru.elplat.elplat2" />
161-->[ru.rustore.sdk:billingclient:2.2.0] AndroidManifest.xml:98:9-53
161-->[ru.rustore.sdk:billingclient:2.2.0] AndroidManifest.xml:98:18-50
162        <package android:name="ru.emb.android" />
162-->[ru.rustore.sdk:billingclient:2.2.0] AndroidManifest.xml:99:9-50
162-->[ru.rustore.sdk:billingclient:2.2.0] AndroidManifest.xml:99:18-47
163        <package android:name="ru.faktura.avtograd.person" />
163-->[ru.rustore.sdk:billingclient:2.2.0] AndroidManifest.xml:100:9-62
163-->[ru.rustore.sdk:billingclient:2.2.0] AndroidManifest.xml:100:18-59
164        <package android:name="ru.finambank.app" />
164-->[ru.rustore.sdk:billingclient:2.2.0] AndroidManifest.xml:101:9-52
164-->[ru.rustore.sdk:billingclient:2.2.0] AndroidManifest.xml:101:18-49
165        <package android:name="ru.ftc.faktura.absolutbank" />
165-->[ru.rustore.sdk:billingclient:2.2.0] AndroidManifest.xml:102:9-62
165-->[ru.rustore.sdk:billingclient:2.2.0] AndroidManifest.xml:102:18-59
166        <package android:name="ru.ftc.faktura.agropromkredit" />
166-->[ru.rustore.sdk:billingclient:2.2.0] AndroidManifest.xml:103:9-65
166-->[ru.rustore.sdk:billingclient:2.2.0] AndroidManifest.xml:103:18-62
167        <package android:name="ru.ftc.faktura.agroros" />
167-->[ru.rustore.sdk:billingclient:2.2.0] AndroidManifest.xml:104:9-58
167-->[ru.rustore.sdk:billingclient:2.2.0] AndroidManifest.xml:104:18-55
168        <package android:name="ru.ftc.faktura.akcept" />
168-->[ru.rustore.sdk:billingclient:2.2.0] AndroidManifest.xml:105:9-57
168-->[ru.rustore.sdk:billingclient:2.2.0] AndroidManifest.xml:105:18-54
169        <package android:name="ru.ftc.faktura.akibank" />
169-->[ru.rustore.sdk:billingclient:2.2.0] AndroidManifest.xml:106:9-58
169-->[ru.rustore.sdk:billingclient:2.2.0] AndroidManifest.xml:106:18-55
170        <package android:name="ru.ftc.faktura.alefbank" />
170-->[ru.rustore.sdk:billingclient:2.2.0] AndroidManifest.xml:107:9-59
170-->[ru.rustore.sdk:billingclient:2.2.0] AndroidManifest.xml:107:18-56
171        <package android:name="ru.ftc.faktura.alexbank" />
171-->[ru.rustore.sdk:billingclient:2.2.0] AndroidManifest.xml:108:9-59
171-->[ru.rustore.sdk:billingclient:2.2.0] AndroidManifest.xml:108:18-56
172        <package android:name="ru.ftc.faktura.baikalinvestbank" />
172-->[ru.rustore.sdk:billingclient:2.2.0] AndroidManifest.xml:109:9-67
172-->[ru.rustore.sdk:billingclient:2.2.0] AndroidManifest.xml:109:18-64
173        <package android:name="ru.ftc.faktura.banksaratov" />
173-->[ru.rustore.sdk:billingclient:2.2.0] AndroidManifest.xml:110:9-62
173-->[ru.rustore.sdk:billingclient:2.2.0] AndroidManifest.xml:110:18-59
174        <package android:name="ru.ftc.faktura.bgfbank" />
174-->[ru.rustore.sdk:billingclient:2.2.0] AndroidManifest.xml:111:9-58
174-->[ru.rustore.sdk:billingclient:2.2.0] AndroidManifest.xml:111:18-55
175        <package android:name="ru.ftc.faktura.derzhava" />
175-->[ru.rustore.sdk:billingclient:2.2.0] AndroidManifest.xml:112:9-59
175-->[ru.rustore.sdk:billingclient:2.2.0] AndroidManifest.xml:112:18-56
176        <package android:name="ru.ftc.faktura.dolinsk" />
176-->[ru.rustore.sdk:billingclient:2.2.0] AndroidManifest.xml:113:9-58
176-->[ru.rustore.sdk:billingclient:2.2.0] AndroidManifest.xml:113:18-55
177        <package android:name="ru.ftc.faktura.etbank" />
177-->[ru.rustore.sdk:billingclient:2.2.0] AndroidManifest.xml:114:9-57
177-->[ru.rustore.sdk:billingclient:2.2.0] AndroidManifest.xml:114:18-54
178        <package android:name="ru.ftc.faktura.expobank" />
178-->[ru.rustore.sdk:billingclient:2.2.0] AndroidManifest.xml:115:9-59
178-->[ru.rustore.sdk:billingclient:2.2.0] AndroidManifest.xml:115:18-56
179        <package android:name="ru.ftc.faktura.finbank" />
179-->[ru.rustore.sdk:billingclient:2.2.0] AndroidManifest.xml:116:9-58
179-->[ru.rustore.sdk:billingclient:2.2.0] AndroidManifest.xml:116:18-55
180        <package android:name="ru.ftc.faktura.forshtadt" />
180-->[ru.rustore.sdk:billingclient:2.2.0] AndroidManifest.xml:117:9-60
180-->[ru.rustore.sdk:billingclient:2.2.0] AndroidManifest.xml:117:18-57
181        <package android:name="ru.ftc.faktura.gaztransbank" />